{
  level: 'info',
  message: '🚀 Starting global setup...',
  timestamp: '2025-06-28 03:28:10'
}
{
  level: 'info',
  message: '🧹 Starting global teardown...',
  timestamp: '2025-06-28 03:28:10'
}
{
  level: 'info',
  message: 'Cleaning up test data...',
  timestamp: '2025-06-28 03:28:10'
}
{
  level: 'info',
  message: '✅ Test data cleanup completed',
  timestamp: '2025-06-28 03:28:10'
}
{
  level: 'info',
  message: '✅ Global teardown completed successfully',
  timestamp: '2025-06-28 03:28:10'
}
{
  level: 'info',
  message: '🚀 Starting global setup...',
  timestamp: '2025-06-28 03:29:42'
}
{
  level: 'info',
  message: '🌐 Skipping login in production...',
  timestamp: '2025-06-28 03:29:44'
}
{
  level: 'info',
  message: '✅ Global setup completed',
  timestamp: '2025-06-28 03:29:45'
}
{
  level: 'info',
  message: 'Navigating to: https://www.yesmadam.com/delhi-at-home-services/',
  timestamp: '2025-06-28 03:29:47'
}
{
  level: 'info',
  message: '✅ Home page loaded successfully',
  timestamp: '2025-06-28 03:29:49'
}
{
  level: 'info',
  message: '\x1B[92m✅ All 7 service categories are visible:\x1B[39m',
  timestamp: '2025-06-28 03:29:53'
}
{
  level: 'info',
  message: '\x1B[4m  \x1B[94mSalon At Home\x1B[39m\x1B[24m\n' +
    '\x1B[4m  \x1B[94mSpa At Home\x1B[39m\x1B[24m\n' +
    '\x1B[4m  \x1B[94mHydra Facials\x1B[39m\x1B[24m\n' +
    '\x1B[4m  \x1B[94mMakeUp At Home\x1B[39m\x1B[24m\n' +
    '\x1B[4m  \x1B[94mSkin & Hair Consultation\x1B[39m\x1B[24m\n' +
    '\x1B[4m  \x1B[94mHair Studio\x1B[39m\x1B[24m\n' +
    '\x1B[4m  \x1B[94mPre Bridal\x1B[39m\x1B[24m',
  timestamp: '2025-06-28 03:29:53'
}
{
  level: 'info',
  message: '✅ How It Works section is displayed',
  timestamp: '2025-06-28 03:29:53'
}
{
  level: 'info',
  message: '✅ Footer is displayed',
  timestamp: '2025-06-28 03:29:53'
}
{
  level: 'info',
  message: '\x1B[4m✅ Featured services loaded: Weekday Offers\x1B[24m\n' +
    '\x1B[4m Waxing\x1B[24m\n' +
    '\x1B[4m Facial\x1B[24m\n' +
    '\x1B[4m Mani-Pedi\x1B[24m\n' +
    '\x1B[4m Clean-Up\x1B[24m\n' +
    '\x1B[4m Bleach & Detan\x1B[24m\n' +
    '\x1B[4m Hair\x1B[24m\n' +
    '\x1B[4m Body Polishing\x1B[24m\n' +
    '\x1B[4m Threading & Face Wax\x1B[24m\n' +
    '\x1B[4m Insta Light Pack\x1B[24m',
  timestamp: '2025-06-28 03:29:53'
}
{
  level: 'info',
  message: '\x1B[94m✅ Found 10 visible featured services after category click\x1B[39m',
  timestamp: '2025-06-28 03:29:53'
}
{
  level: 'info',
  message: '\x1B[95m✅ Bottom sheet closed after verifying featured services\x1B[39m',
  timestamp: '2025-06-28 03:29:54'
}
{
  level: 'info',
  message: 'Screenshot saved: categories-list-2025-06-27T21-59-54-895Z.png',
  timestamp: '2025-06-28 03:29:55'
}
{
  level: 'info',
  message: '✅ Services loaded for /delhi/waxing',
  timestamp: '2025-06-28 03:29:58'
}
{
  level: 'info',
  message: '✅ Services loaded for /delhi/waxing',
  timestamp: '2025-06-28 03:30:02'
}
{
  level: 'info',
  message: 'Navigating to: https://www.yesmadam.com/delhi-at-home-services/',
  timestamp: '2025-06-28 03:30:05'
}
{
  level: 'info',
  message: '🧹 Starting global teardown...',
  timestamp: '2025-06-28 03:30:08'
}
{
  level: 'info',
  message: 'Cleaning up test data...',
  timestamp: '2025-06-28 03:30:08'
}
{
  level: 'info',
  message: '✅ Test data cleanup completed',
  timestamp: '2025-06-28 03:30:08'
}
{
  level: 'info',
  message: '✅ Global teardown completed successfully',
  timestamp: '2025-06-28 03:30:08'
}
{
  level: 'info',
  message: '🚀 Starting global setup...',
  timestamp: '2025-06-28 03:48:15'
}
{
  level: 'info',
  message: '🌐 Skipping login in production...',
  timestamp: '2025-06-28 03:48:15'
}
{
  level: 'info',
  message: '✅ Global setup completed',
  timestamp: '2025-06-28 03:48:18'
}
{
  level: 'info',
  message: 'Navigating to: https://www.yesmadam.com/delhi-at-home-services/',
  timestamp: '2025-06-28 03:48:19'
}
{
  level: 'info',
  message: '✅ Home page loaded successfully',
  timestamp: '2025-06-28 03:48:22'
}
{
  level: 'info',
  message: '\x1B[92m✅ All 7 service categories are visible:\x1B[39m',
  timestamp: '2025-06-28 03:48:25'
}
{
  level: 'info',
  message: '\x1B[4m  \x1B[94mSalon At Home\x1B[39m\x1B[24m\n' +
    '\x1B[4m  \x1B[94mSpa At Home\x1B[39m\x1B[24m\n' +
    '\x1B[4m  \x1B[94mHydra Facials\x1B[39m\x1B[24m\n' +
    '\x1B[4m  \x1B[94mMakeUp At Home\x1B[39m\x1B[24m\n' +
    '\x1B[4m  \x1B[94mSkin & Hair Consultation\x1B[39m\x1B[24m\n' +
    '\x1B[4m  \x1B[94mHair Studio\x1B[39m\x1B[24m\n' +
    '\x1B[4m  \x1B[94mPre Bridal\x1B[39m\x1B[24m',
  timestamp: '2025-06-28 03:48:25'
}
{
  level: 'info',
  message: '✅ How It Works section is displayed',
  timestamp: '2025-06-28 03:48:25'
}
{
  level: 'info',
  message: '✅ Footer is displayed',
  timestamp: '2025-06-28 03:48:26'
}
{
  level: 'info',
  message: '\x1B[4m✅ Featured services loaded: Weekday Offers\x1B[24m\n' +
    '\x1B[4m Waxing\x1B[24m\n' +
    '\x1B[4m Facial\x1B[24m\n' +
    '\x1B[4m Mani-Pedi\x1B[24m\n' +
    '\x1B[4m Clean-Up\x1B[24m\n' +
    '\x1B[4m Bleach & Detan\x1B[24m\n' +
    '\x1B[4m Hair\x1B[24m\n' +
    '\x1B[4m Body Polishing\x1B[24m\n' +
    '\x1B[4m Threading & Face Wax\x1B[24m\n' +
    '\x1B[4m Insta Light Pack\x1B[24m',
  timestamp: '2025-06-28 03:48:26'
}
{
  level: 'info',
  message: '\x1B[94m✅ Found 10 visible featured services after category click\x1B[39m',
  timestamp: '2025-06-28 03:48:26'
}
{
  level: 'info',
  message: '\x1B[95m✅ Bottom sheet closed after verifying featured services\x1B[39m',
  timestamp: '2025-06-28 03:48:26'
}
{
  level: 'info',
  message: 'Screenshot saved: categories-list-2025-06-27T22-18-27-370Z.png',
  timestamp: '2025-06-28 03:48:27'
}
{
  level: 'info',
  message: '✅ Services loaded for /delhi/waxing',
  timestamp: '2025-06-28 03:48:31'
}
{
  level: 'info',
  message: '✅ Services loaded for /delhi/waxing',
  timestamp: '2025-06-28 03:48:33'
}
{
  level: 'info',
  message: 'Navigating to: https://www.yesmadam.com/delhi-at-home-services/',
  timestamp: '2025-06-28 03:48:36'
}
{
  level: 'info',
  message: '🧹 Starting global teardown...',
  timestamp: '2025-06-28 03:48:39'
}
{
  level: 'info',
  message: 'Cleaning up test data...',
  timestamp: '2025-06-28 03:48:39'
}
{
  level: 'info',
  message: '✅ Test data cleanup completed',
  timestamp: '2025-06-28 03:48:39'
}
{
  level: 'info',
  message: '✅ Global teardown completed successfully',
  timestamp: '2025-06-28 03:48:39'
}
{
  level: 'info',
  message: '🚀 Starting global setup...',
  timestamp: '2025-06-28 03:49:12'
}
{
  level: 'info',
  message: '⏭️ SKIP_GLOBAL_SETUP flag is set. Skipping login setup...',
  timestamp: '2025-06-28 03:49:12'
}
{
  level: 'info',
  message: '🧹 Starting global teardown...',
  timestamp: '2025-06-28 03:49:14'
}
{
  level: 'info',
  message: 'Cleaning up test data...',
  timestamp: '2025-06-28 03:49:14'
}
{
  level: 'info',
  message: '✅ Test data cleanup completed',
  timestamp: '2025-06-28 03:49:14'
}
{
  level: 'info',
  message: '✅ Global teardown completed successfully',
  timestamp: '2025-06-28 03:49:14'
}
