{
  level: 'info',
  message: '🚀 Starting global setup...',
  timestamp: '2025-10-18 14:06:06'
}
{
  level: 'info',
  message: '🌐 Skipping login in production...',
  timestamp: '2025-10-18 14:06:09'
}
{
  level: 'info',
  message: '✅ Global setup completed',
  timestamp: '2025-10-18 14:06:10'
}
{
  level: 'info',
  message: 'Navigating to: https://www.yesmadam.com/delhi-at-home-services/',
  timestamp: '2025-10-18 14:06:11'
}
{
  level: 'info',
  message: '✅ Home page loaded successfully',
  timestamp: '2025-10-18 14:06:13'
}
{
  level: 'info',
  message: 'Navigating to: https://www.yesmadam.com/delhi-at-home-services/',
  timestamp: '2025-10-18 14:06:25'
}
{
  level: 'info',
  message: '\x1B[92m✅ All 8 service categories are visible:\x1B[39m',
  timestamp: '2025-10-18 14:06:31'
}
{
  level: 'info',
  message: '\x1B[4m  \x1B[94mSalon for Women\x1B[39m\x1B[24m\n' +
    '\x1B[4m  \x1B[94mSpa for Women\x1B[39m\x1B[24m\n' +
    '\x1B[4m  \x1B[94mHydra Facials\x1B[39m\x1B[24m\n' +
    '\x1B[4m  \x1B[94mLaser Treatments\x1B[39m\x1B[24m\n' +
    '\x1B[4m  \x1B[94mBody Toning\x1B[39m\x1B[24m\n' +
    '\x1B[4m  \x1B[94mMakeup & Styling\x1B[39m\x1B[24m\n' +
    '\x1B[4m  \x1B[94mHair Cut & Style\x1B[39m\x1B[24m\n' +
    '\x1B[4m  \x1B[94mPre Bridal\x1B[39m\x1B[24m',
  timestamp: '2025-10-18 14:06:31'
}
{
  level: 'info',
  message: '✅ How It Works section is displayed',
  timestamp: '2025-10-18 14:06:31'
}
{
  level: 'info',
  message: '✅ Footer is displayed',
  timestamp: '2025-10-18 14:06:31'
}
{
  level: 'info',
  message: '\x1B[4m✅ Featured services loaded: Diwali Packages\x1B[24m\n' +
    '\x1B[4m Korean Glow\x1B[24m\n' +
    '\x1B[4m Waxing\x1B[24m\n' +
    '\x1B[4m Facial\x1B[24m\n' +
    '\x1B[4m Mani-Pedi\x1B[24m\n' +
    '\x1B[4m Body Polishing\x1B[24m\n' +
    '\x1B[4m Clean-Up\x1B[24m\n' +
    '\x1B[4m Bleach & Detan\x1B[24m\n' +
    '\x1B[4m Hair\x1B[24m\n' +
    '\x1B[4m Threading & Face Wax\x1B[24m\n' +
    '\x1B[4m Insta Light Pack\x1B[24m',
  timestamp: '2025-10-18 14:06:31'
}
{
  level: 'info',
  message: '\x1B[94m✅ Found 11 visible featured services after category click\x1B[39m',
  timestamp: '2025-10-18 14:06:31'
}
{
  level: 'info',
  message: '\x1B[95m✅ Bottom sheet closed after verifying featured services\x1B[39m',
  timestamp: '2025-10-18 14:06:32'
}
{
  level: 'info',
  message: 'Navigating to: https://www.yesmadam.com/delhi-at-home-services/',
  timestamp: '2025-10-18 14:06:33'
}
{
  level: 'info',
  message: '✅ Services loaded for /delhi/waxing',
  timestamp: '2025-10-18 14:06:43'
}
{
  level: 'info',
  message: '✅ Services loaded for /delhi/waxing',
  timestamp: '2025-10-18 14:06:49'
}
{
  level: 'info',
  message: 'Navigating to: https://www.yesmadam.com/delhi-at-home-services/',
  timestamp: '2025-10-18 14:06:49'
}
{
  level: 'info',
  message: '🧹 Starting global teardown...',
  timestamp: '2025-10-18 14:06:54'
}
{
  level: 'info',
  message: 'Cleaning up test data...',
  timestamp: '2025-10-18 14:06:54'
}
{
  level: 'info',
  message: '✅ Test data cleanup completed',
  timestamp: '2025-10-18 14:06:54'
}
{
  level: 'info',
  message: '✅ Global teardown completed successfully',
  timestamp: '2025-10-18 14:06:54'
}
{
  level: 'info',
  message: '🚀 Starting global setup...',
  timestamp: '2025-10-18 14:08:14'
}
{
  level: 'info',
  message: '🔐 Performing user authentication...',
  timestamp: '2025-10-18 14:08:14'
}
{
  name: 'TimeoutError',
  level: 'error',
  message: '❌ User authentication failed: page.fill: Timeout 30000ms exceeded.\n' +
    'Call log:\n' +
    `\x1B[2m  - waiting for locator('input[name="email"]')\x1B[22m\n`,
  stack: 'page.fill: Timeout 30000ms exceeded.\n' +
    'Call log:\n' +
    `\x1B[2m  - waiting for locator('input[name="email"]')\x1B[22m\n` +
    '\n' +
    '    at globalSetup (/Users/qadew/Desktop/all-playwright-projects/ymTsPlaywright/src/config/global-setup.ts:148:18)',
  timestamp: '2025-10-18 14:08:46'
}
{
  level: 'info',
  message: '🧹 Starting global teardown...',
  timestamp: '2025-10-18 14:08:46'
}
{
  level: 'info',
  message: 'Cleaning up test data...',
  timestamp: '2025-10-18 14:08:46'
}
{
  level: 'info',
  message: '✅ Test data cleanup completed',
  timestamp: '2025-10-18 14:08:46'
}
{
  level: 'info',
  message: '✅ Global teardown completed successfully',
  timestamp: '2025-10-18 14:08:46'
}
