{
  name: 'Error',
  level: 'error',
  message: '❌ User authentication failed: page.goto: net::ERR_NAME_NOT_RESOLVED at https://staging.yesmadam.com/login\n' +
    'Call log:\n' +
    '\x1B[2m  - navigating to "https://staging.yesmadam.com/login", waiting until "load"\x1B[22m\n',
  stack: 'page.goto: net::ERR_NAME_NOT_RESOLVED at https://staging.yesmadam.com/login\n' +
    'Call log:\n' +
    '\x1B[2m  - navigating to "https://staging.yesmadam.com/login", waiting until "load"\x1B[22m\n' +
    '\n' +
    '    at authenticateUser (/Users/dewanshun/Desktop/ymTsPlaywright/src/config/global-setup.ts:46:16)\n' +
    '    at globalSetup (/Users/dewanshun/Desktop/ymTsPlaywright/src/config/global-setup.ts:24:11)',
  timestamp: '2025-06-20 15:30:14'
}
{
  name: 'Error',
  level: 'error',
  message: '❌ Global setup failed: page.goto: net::ERR_NAME_NOT_RESOLVED at https://staging.yesmadam.com/login\n' +
    'Call log:\n' +
    '\x1B[2m  - navigating to "https://staging.yesmadam.com/login", waiting until "load"\x1B[22m\n',
  stack: 'page.goto: net::ERR_NAME_NOT_RESOLVED at https://staging.yesmadam.com/login\n' +
    'Call log:\n' +
    '\x1B[2m  - navigating to "https://staging.yesmadam.com/login", waiting until "load"\x1B[22m\n' +
    '\n' +
    '    at authenticateUser (/Users/dewanshun/Desktop/ymTsPlaywright/src/config/global-setup.ts:46:16)\n' +
    '    at globalSetup (/Users/dewanshun/Desktop/ymTsPlaywright/src/config/global-setup.ts:24:11)',
  timestamp: '2025-06-20 15:30:14'
}
{
  name: 'TimeoutError',
  level: 'error',
  message: '❌ User authentication failed: page.fill: Timeout 30000ms exceeded.\n' +
    'Call log:\n' +
    `\x1B[2m  - waiting for locator('input[name="email"]')\x1B[22m\n`,
  stack: 'page.fill: Timeout 30000ms exceeded.\n' +
    'Call log:\n' +
    `\x1B[2m  - waiting for locator('input[name="email"]')\x1B[22m\n` +
    '\n' +
    '    at globalSetup (/Users/dewanshun/Desktop/ymTsPlaywright/src/config/global-setup.ts:93:18)',
  timestamp: '2025-06-20 15:36:23'
}
{
  name: 'TimeoutError',
  level: 'error',
  message: '❌ User authentication failed: page.fill: Timeout 30000ms exceeded.\n' +
    'Call log:\n' +
    `\x1B[2m  - waiting for locator('input[name="email"]')\x1B[22m\n`,
  stack: 'page.fill: Timeout 30000ms exceeded.\n' +
    'Call log:\n' +
    `\x1B[2m  - waiting for locator('input[name="email"]')\x1B[22m\n` +
    '\n' +
    '    at globalSetup (/Users/dewanshun/Desktop/ymTsPlaywright/src/config/global-setup.ts:93:18)',
  timestamp: '2025-06-21 02:22:37'
}
{
  name: 'TimeoutError',
  level: 'error',
  message: '❌ User authentication failed: page.fill: Timeout 30000ms exceeded.\n' +
    'Call log:\n' +
    `\x1B[2m  - waiting for locator('input[name="email"]')\x1B[22m\n`,
  stack: 'page.fill: Timeout 30000ms exceeded.\n' +
    'Call log:\n' +
    `\x1B[2m  - waiting for locator('input[name="email"]')\x1B[22m\n` +
    '\n' +
    '    at globalSetup (/Users/dewanshun/Desktop/ymTsPlaywright/src/config/global-setup.ts:93:18)',
  timestamp: '2025-06-23 02:17:03'
}
{
  name: 'TimeoutError',
  level: 'error',
  message: '❌ User authentication failed: page.fill: Timeout 30000ms exceeded.\n' +
    'Call log:\n' +
    `\x1B[2m  - waiting for locator('input[name="email"]')\x1B[22m\n`,
  stack: 'page.fill: Timeout 30000ms exceeded.\n' +
    'Call log:\n' +
    `\x1B[2m  - waiting for locator('input[name="email"]')\x1B[22m\n` +
    '\n' +
    '    at globalSetup (/Users/dewanshun/Desktop/ymTsPlaywright/src/config/global-setup.ts:93:18)',
  timestamp: '2025-06-23 02:22:17'
}
{
  name: 'TimeoutError',
  level: 'error',
  message: '❌ User authentication failed: page.fill: Timeout 30000ms exceeded.\n' +
    'Call log:\n' +
    `\x1B[2m  - waiting for locator('input[name="email"]')\x1B[22m\n`,
  stack: 'page.fill: Timeout 30000ms exceeded.\n' +
    'Call log:\n' +
    `\x1B[2m  - waiting for locator('input[name="email"]')\x1B[22m\n` +
    '\n' +
    '    at globalSetup (/Users/dewanshun/Desktop/ymTsPlaywright/src/config/global-setup.ts:148:18)',
  timestamp: '2025-06-23 04:23:21'
}
{
  name: 'Error',
  level: 'error',
  message: '❌ User authentication failed: page.goto: net::ERR_INTERNET_DISCONNECTED at https://www.yesmadam.com/delhi-at-home-services/login\n' +
    'Call log:\n' +
    '\x1B[2m  - navigating to "https://www.yesmadam.com/delhi-at-home-services/login", waiting until "load"\x1B[22m\n',
  stack: 'page.goto: net::ERR_INTERNET_DISCONNECTED at https://www.yesmadam.com/delhi-at-home-services/login\n' +
    'Call log:\n' +
    '\x1B[2m  - navigating to "https://www.yesmadam.com/delhi-at-home-services/login", waiting until "load"\x1B[22m\n' +
    '\n' +
    '    at globalSetup (/Users/dewanshun/Desktop/ymTsPlaywright/src/config/global-setup.ts:144:18)',
  timestamp: '2025-07-18 21:02:05'
}
{
  name: 'TimeoutError',
  level: 'error',
  message: '❌ User authentication failed: page.fill: Timeout 30000ms exceeded.\n' +
    'Call log:\n' +
    `\x1B[2m  - waiting for locator('input[name="email"]')\x1B[22m\n`,
  stack: 'page.fill: Timeout 30000ms exceeded.\n' +
    'Call log:\n' +
    `\x1B[2m  - waiting for locator('input[name="email"]')\x1B[22m\n` +
    '\n' +
    '    at globalSetup (/Users/dewanshun/Desktop/ymTsPlaywright/src/config/global-setup.ts:148:18)',
  timestamp: '2025-07-18 21:03:45'
}
{
  name: 'TimeoutError',
  level: 'error',
  message: '❌ User authentication failed: page.fill: Timeout 30000ms exceeded.\n' +
    'Call log:\n' +
    `\x1B[2m  - waiting for locator('input[name="email"]')\x1B[22m\n`,
  stack: 'page.fill: Timeout 30000ms exceeded.\n' +
    'Call log:\n' +
    `\x1B[2m  - waiting for locator('input[name="email"]')\x1B[22m\n` +
    '\n' +
    '    at globalSetup (/Users/dewanshun/Desktop/ymTsPlaywright/src/config/global-setup.ts:148:18)',
  timestamp: '2025-07-18 21:04:54'
}
{
  name: 'TimeoutError',
  level: 'error',
  message: '❌ User authentication failed: page.fill: Timeout 30000ms exceeded.\n' +
    'Call log:\n' +
    `\x1B[2m  - waiting for locator('input[name="email"]')\x1B[22m\n`,
  stack: 'page.fill: Timeout 30000ms exceeded.\n' +
    'Call log:\n' +
    `\x1B[2m  - waiting for locator('input[name="email"]')\x1B[22m\n` +
    '\n' +
    '    at globalSetup (/Users/qadew/Desktop/all-playwright-projects/ymTsPlaywright/src/config/global-setup.ts:148:18)',
  timestamp: '2025-10-18 14:08:46'
}
